<?xml version="1.0" encoding="UTF-8" ?>
<testsuite tests="3" failures="1" name="eu.jpereira.trainings.designpatterns.creational.singleton.ReportBuilderTest" time="0.54" errors="0" skipped="0">
  <properties>
[...]
</properties>
  <testcase classname="eu.jpereira.trainings.designpatterns.creational.singleton.ReportBuilderTest" name="measureInitializeTime" time="0.228"/>
  <testcase classname="eu.jpereira.trainings.designpatterns.creational.singleton.ReportBuilderTest" name="testGetSingleton" time="0.096"/>
  <testcase classname="eu.jpereira.trainings.designpatterns.creational.singleton.ReportBuilderTest" name="testMultiThreading" time="0.216">
    <failure message="expected:&lt;eu.jpereira.trainings.designpatterns.creational.singleton.ReportBuilder@65d53108&gt; but was:&lt;eu.jpereira.trainings.designpatterns.creational.singleton.ReportBuilder@1e051f52&gt;" type="java.lang.AssertionError">java.lang.AssertionError: expected:&lt;eu.jpereira.trainings.designpatterns.creational.singleton.ReportBuilder@65d53108&gt; but was:&lt;eu.jpereira.trainings.designpatterns.creational.singleton.ReportBuilder@1e051f52&gt;
	at org.junit.Assert.fail(Assert.java:93)
	at org.junit.Assert.failNotEquals(Assert.java:647)
	at org.junit.Assert.assertEquals(Assert.java:128)
	at org.junit.Assert.assertEquals(Assert.java:147)
	at eu.jpereira.trainings.designpatterns.creational.singleton.ReportBuilderTest.testMultiThreading(ReportBuilderTest.java:72)
	at java.base/jdk.internal.reflect.NativeMethodAccessorImpl.invoke0(Native Method)
	at java.base/jdk.internal.reflect.NativeMethodAccessorImpl.invoke(NativeMethodAccessorImpl.java:62)
	at java.base/jdk.internal.reflect.DelegatingMethodAccessorImpl.invoke(DelegatingMethodAccessorImpl.java:43)
	at java.base/java.lang.reflect.Method.invoke(Method.java:566)
	at org.junit.runners.model.FrameworkMethod$1.runReflectiveCall(FrameworkMethod.java:44)
	at org.junit.internal.runners.model.ReflectiveCallable.run(ReflectiveCallable.java:15)
	at org.junit.runners.model.FrameworkMethod.invokeExplosively(FrameworkMethod.java:41)
	at org.junit.internal.runners.statements.InvokeMethod.evaluate(InvokeMethod.java:20)
	at org.junit.internal.runners.statements.RunBefores.evaluate(RunBefores.java:28)
	at org.junit.runners.ParentRunner.runLeaf(ParentRunner.java:263)
	at org.junit.runners.BlockJUnit4ClassRunner.runChild(BlockJUnit4ClassRunner.java:69)
	at org.junit.runners.BlockJUnit4ClassRunner.runChild(BlockJUnit4ClassRunner.java:48)
	at org.junit.runners.ParentRunner$3.run(ParentRunner.java:231)
	at org.junit.runners.ParentRunner$1.schedule(ParentRunner.java:60)
	at org.junit.runners.ParentRunner.runChildren(ParentRunner.java:229)
	at org.junit.runners.ParentRunner.access$000(ParentRunner.java:50)
	at org.junit.runners.ParentRunner$2.evaluate(ParentRunner.java:222)
	at org.junit.runners.ParentRunner.run(ParentRunner.java:292)
	at org.apache.maven.surefire.junit4.JUnit4Provider.execute(JUnit4Provider.java:252)
	at org.apache.maven.surefire.junit4.JUnit4Provider.executeTestSet(JUnit4Provider.java:141)
	at org.apache.maven.surefire.junit4.JUnit4Provider.invoke(JUnit4Provider.java:112)
	at java.base/jdk.internal.reflect.NativeMethodAccessorImpl.invoke0(Native Method)
	at java.base/jdk.internal.reflect.NativeMethodAccessorImpl.invoke(NativeMethodAccessorImpl.java:62)
	at java.base/jdk.internal.reflect.DelegatingMethodAccessorImpl.invoke(DelegatingMethodAccessorImpl.java:43)
	at java.base/java.lang.reflect.Method.invoke(Method.java:566)
	at org.apache.maven.surefire.util.ReflectionUtils.invokeMethodWithArray(ReflectionUtils.java:189)
	at org.apache.maven.surefire.booter.ProviderFactory$ProviderProxy.invoke(ProviderFactory.java:165)
	at org.apache.maven.surefire.booter.ProviderFactory.invokeProvider(ProviderFactory.java:85)
	at org.apache.maven.surefire.booter.ForkedBooter.runSuitesInProcess(ForkedBooter.java:115)
	at org.apache.maven.surefire.booter.ForkedBooter.main(ForkedBooter.java:75)
</failure>
    <system-out>Getting instance for Thread 21
Instance is null for Thread 21
Getting instance for Thread 22
Instance is null for Thread 22
Getting instance for Thread 23
Instance is null for Thread 23
Getting instance for Thread 24
Instance is null for Thread 24
Getting instance for Thread 25
Getting instance for Thread 26
Instance is null for Thread 25
Getting instance for Thread 28
Getting instance for Thread 27
Instance is null for Thread 26
Instance is null for Thread 27
Getting instance for Thread 29
Instance is null for Thread 28
Getting instance for Thread 30
Instance is null for Thread 29
Instance is null for Thread 30
Returing 1708470536 instance to Thread 21
Thread 21 died!
Returing 503652178 instance to Thread 27
Returing 918096130 instance to Thread 24
Returing 1596330346 instance to Thread 30
Returing 772888655 instance to Thread 26
Returing 68704235 instance to Thread 23
Returing 1096437145 instance to Thread 29
Returing 261830109 instance to Thread 22
Returing 2101345873 instance to Thread 25
Thread 22 died!
Thread 23 died!
Thread 24 died!
Thread 25 died!
Thread 26 died!
Thread 27 died!
Returing 451900037 instance to Thread 28
Thread 28 died!
Thread 29 died!
Thread 30 died!
</system-out>
  </testcase>
</testsuite>